<?xml version="1.0" encoding="UTF-8"?>
<!-- Generated by org.testng.reporters.JUnitReportReporter -->
<testsuite hostname="DESKTOP-LG2LKO2" failures="0" tests="1" name="testCase.Test_Pending_Leave_Request" time="8.619" errors="0" timestamp="13 Feb 2020 10:17:05 GMT" skipped="0">
  <testcase classname="testCase.Test_Pending_Leave_Request" name="verifyPendingLeaveRequest" time="8.619"/>
</testsuite> <!-- testCase.Test_Pending_Leave_Request -->
